调用接口前的数据验证
根据接口编号【2】获取接口请求地址
根据接口编号【2】获取接口提交类型
替换变量
变量名称：${toBeRegisterMobilephone}，变量值：18813998449
变量名称：${invalidMobilephone}，变量值：18812345
变量名称：${registeredMobilephone}，变量值：18813998449
变量名称：${notRegisterMobilephone}，变量值：18813998450
变量名称：${toBeRegisterPassword}，变量值：123456
变量名称：${invalidPassword}，变量值：18812345
变量名称：${wrongPassword}，变量值：123
变量名称：${correctKey}，变量值：0baac739352ce3fda2089d3f1882ec82
变量名称：${invalidKey}，变量值：123
变量名称：${correctWord}，变量值：千军万马
变量名称：${invalidWord}，变量值：456
变量名称：${toBeRegisterPhoneOfLocaiton}，变量值：18813998450
变量名称：${invalidPhoneOfLocaiton}，变量值：188asdb
变量名称：${registeredPhoneOfLocaiton}，变量值：17091017327
变量名称：${notRegisterPhoneOfLocaiton}，变量值：18813998451
变量名称：${correctKeyOfLocaiton}，变量值：0d9d53a961fda820ee0d8e6bb84c5600
变量名称：${invalidKeyOfLocaiton}，变量值：18812345
开始调用接口
接口请求地址：http://apis.juhe.cn/idioms/query
接口响应数据：{"resultcode":"101","reason":"错误的请求KEY","result":null,"error_code":10001}
接口调用后的数据验证
调用接口前的数据验证
根据接口编号【2】获取接口请求地址
根据接口编号【2】获取接口提交类型
替换变量
开始调用接口
接口请求地址：http://apis.juhe.cn/idioms/query
接口响应数据：{"reason":"成语不能为空","result":null,"error_code":2015701}
接口调用后的数据验证
调用接口前的数据验证
根据接口编号【2】获取接口请求地址
根据接口编号【2】获取接口提交类型
替换变量
开始调用接口
接口请求地址：http://apis.juhe.cn/idioms/query
接口响应数据：{"resultcode":"101","reason":"错误的请求KEY","result":null,"error_code":10001}
接口调用后的数据验证
调用接口前的数据验证
根据接口编号【2】获取接口请求地址
根据接口编号【2】获取接口提交类型
替换变量
开始调用接口
接口请求地址：http://apis.juhe.cn/idioms/query
接口响应数据：{"reason":"暂查询不到结果!","result":null,"error_code":2015702}
接口调用后的数据验证
调用接口前的数据验证
根据接口编号【2】获取接口请求地址
根据接口编号【2】获取接口提交类型
替换变量
开始调用接口
接口请求地址：http://apis.juhe.cn/idioms/query
接口响应数据：{"resultcode":"101","reason":"错误的请求KEY","result":null,"error_code":10001}
接口调用后的数据验证
调用接口前的数据验证
根据接口编号【2】获取接口请求地址
根据接口编号【2】获取接口提交类型
替换变量
开始调用接口
接口请求地址：http://apis.juhe.cn/idioms/query
接口响应数据：{"reason":"success!","result":{"name":"千军万马","pinyin":"qiān jūn wàn mǎ","jbsy":["形容雄壮的队伍或浩大的声势。"],"xxsy":["【解释】：形容雄壮的队伍或浩大的声势。","【出自】：《南史·陈庆之传》：“名军大将莫自牢，千兵万马避白袍。”","【示例】：各方面竟如～地围困拢来，实在说，我是有被这班箭手底乱箭所射死的可能性的。 <br>◎柔石《二月》二四","【语法】：联合式；作主语、宾语；含褒义"],"chuchu":"《梁书·陈庆之传》：“先是洛阳童谣曰：‘名师大将莫自牢；千兵万马避白袍。’”","liju":"1. 洪水来了。他带领～直冲上去抢险救灾。","jyc":["万马奔腾","波澜壮阔","千兵万马"],"fyc":["一兵一卒","一成一旅","单枪匹马"]},"error_code":0}
接口调用后的数据验证
调用接口前的数据验证
根据接口编号【3】获取接口请求地址
根据接口编号【3】获取接口提交类型
替换变量
开始调用接口
接口请求地址：http://apis.juhe.cn/mobile/get
接口响应数据：{"resultcode":"101","reason":"错误的请求KEY","result":null,"error_code":10001}
接口调用后的数据验证
调用接口前的数据验证
根据接口编号【3】获取接口请求地址
根据接口编号【3】获取接口提交类型
替换变量
开始调用接口
接口请求地址：http://apis.juhe.cn/mobile/get
接口响应数据：{"resultcode":"201","reason":"The phone number can not be empty!","result":null,"error_code":201101}
接口调用后的数据验证
调用接口前的数据验证
根据接口编号【3】获取接口请求地址
根据接口编号【3】获取接口提交类型
替换变量
开始调用接口
接口请求地址：http://apis.juhe.cn/mobile/get
接口响应数据：{"resultcode":"202","reason":"Wrong phone number!","result":null,"error_code":201102}
接口调用后的数据验证
调用接口前的数据验证
根据接口编号【3】获取接口请求地址
根据接口编号【3】获取接口提交类型
替换变量
开始调用接口
接口请求地址：http://apis.juhe.cn/mobile/get
接口响应数据：{"resultcode":"101","reason":"错误的请求KEY","result":null,"error_code":10001}
接口调用后的数据验证
调用接口前的数据验证
根据接口编号【3】获取接口请求地址
根据接口编号【3】获取接口提交类型
替换变量
开始调用接口
接口请求地址：http://apis.juhe.cn/mobile/get
接口响应数据：{"resultcode":"200","reason":"Return Successd!","result":{"province":"广东","city":"广州","areacode":"020","zip":"510000","company":"移动","card":""},"error_code":0}
接口调用后的数据验证
调用接口前的数据验证
根据接口编号【3】获取接口请求地址
根据接口编号【3】获取接口提交类型
替换变量
开始调用接口
接口请求地址：http://apis.juhe.cn/mobile/get
接口响应数据：{"resultcode":"200","reason":"Return Successd!","result":{"province":"北京","city":"北京","areacode":"010","zip":"100000","company":"分享通信","card":""},"error_code":0}
接口调用后的数据验证
调用接口前的数据验证
根据接口编号【3】获取接口请求地址
根据接口编号【3】获取接口提交类型
替换变量
开始调用接口
接口请求地址：http://apis.juhe.cn/mobile/get
接口响应数据：{"resultcode":"200","reason":"Return Successd!","result":{"province":"广东","city":"广州","areacode":"020","zip":"510000","company":"移动","card":""},"error_code":0}
接口调用后的数据验证
调用接口前的数据验证
根据接口编号【2】获取接口请求地址
根据接口编号【2】获取接口提交类型
替换变量
变量名称：${toBeRegisterMobilephone}，变量值：18813998449
变量名称：${invalidMobilephone}，变量值：18812345
变量名称：${registeredMobilephone}，变量值：18813998449
变量名称：${notRegisterMobilephone}，变量值：18813998450
变量名称：${toBeRegisterPassword}，变量值：123456
变量名称：${invalidPassword}，变量值：18812345
变量名称：${wrongPassword}，变量值：123
变量名称：${correctKey}，变量值：0baac739352ce3fda2089d3f1882ec82
变量名称：${invalidKey}，变量值：123
变量名称：${correctWord}，变量值：千军万马
变量名称：${invalidWord}，变量值：456
变量名称：${toBeRegisterPhoneOfLocaiton}，变量值：18813998450
变量名称：${invalidPhoneOfLocaiton}，变量值：188asdb
变量名称：${registeredPhoneOfLocaiton}，变量值：17091017327
变量名称：${notRegisterPhoneOfLocaiton}，变量值：18813998451
变量名称：${correctKeyOfLocaiton}，变量值：0d9d53a961fda820ee0d8e6bb84c5600
变量名称：${invalidKeyOfLocaiton}，变量值：18812345
开始调用接口
接口请求地址：http://apis.juhe.cn/idioms/query
接口响应数据：{"resultcode":"101","reason":"错误的请求KEY","result":null,"error_code":10001}
接口调用后的数据验证
调用接口前的数据验证
根据接口编号【2】获取接口请求地址
根据接口编号【2】获取接口提交类型
替换变量
开始调用接口
接口请求地址：http://apis.juhe.cn/idioms/query
接口响应数据：{"reason":"成语不能为空","result":null,"error_code":2015701}
接口调用后的数据验证
调用接口前的数据验证
根据接口编号【2】获取接口请求地址
根据接口编号【2】获取接口提交类型
替换变量
开始调用接口
接口请求地址：http://apis.juhe.cn/idioms/query
接口响应数据：{"resultcode":"101","reason":"错误的请求KEY","result":null,"error_code":10001}
接口调用后的数据验证
调用接口前的数据验证
根据接口编号【2】获取接口请求地址
根据接口编号【2】获取接口提交类型
替换变量
开始调用接口
接口请求地址：http://apis.juhe.cn/idioms/query
接口响应数据：{"reason":"暂查询不到结果","result":null,"error_code":2015702}
接口调用后的数据验证
调用接口前的数据验证
根据接口编号【2】获取接口请求地址
根据接口编号【2】获取接口提交类型
替换变量
开始调用接口
接口请求地址：http://apis.juhe.cn/idioms/query
接口响应数据：{"resultcode":"101","reason":"错误的请求KEY","result":null,"error_code":10001}
接口调用后的数据验证
调用接口前的数据验证
根据接口编号【2】获取接口请求地址
根据接口编号【2】获取接口提交类型
替换变量
开始调用接口
接口请求地址：http://apis.juhe.cn/idioms/query
接口响应数据：{"reason":"success","result":{"name":"千军万马","pinyin":"qiān jūn wàn mǎ","jbsy":["形容雄壮的队伍或浩大的声势。"],"xxsy":["【解释】：形容雄壮的队伍或浩大的声势。","【出自】：《南史·陈庆之传》：“名军大将莫自牢，千兵万马避白袍。”","【示例】：各方面竟如～地围困拢来，实在说，我是有被这班箭手底乱箭所射死的可能性的。 <br>◎柔石《二月》二四","【语法】：联合式；作主语、宾语；含褒义"],"chuchu":"《梁书·陈庆之传》：“先是洛阳童谣曰：‘名师大将莫自牢；千兵万马避白袍。’”","liju":"1. 洪水来了。他带领～直冲上去抢险救灾。","jyc":["万马奔腾","波澜壮阔","千兵万马"],"fyc":["一兵一卒","一成一旅","单枪匹马"]},"error_code":0}
接口调用后的数据验证
调用接口前的数据验证
根据接口编号【3】获取接口请求地址
根据接口编号【3】获取接口提交类型
替换变量
开始调用接口
接口请求地址：http://apis.juhe.cn/mobile/get
接口响应数据：{"resultcode":"101","reason":"错误的请求KEY","result":null,"error_code":10001}
接口调用后的数据验证
调用接口前的数据验证
根据接口编号【3】获取接口请求地址
根据接口编号【3】获取接口提交类型
替换变量
开始调用接口
接口请求地址：http://apis.juhe.cn/mobile/get
接口响应数据：{"resultcode":"201","reason":"The phone number can not be empty!","result":null,"error_code":201101}
接口调用后的数据验证
调用接口前的数据验证
根据接口编号【3】获取接口请求地址
根据接口编号【3】获取接口提交类型
替换变量
开始调用接口
接口请求地址：http://apis.juhe.cn/mobile/get
接口响应数据：{"resultcode":"202","reason":"Wrong phone number!","result":null,"error_code":201102}
接口调用后的数据验证
调用接口前的数据验证
根据接口编号【3】获取接口请求地址
根据接口编号【3】获取接口提交类型
替换变量
开始调用接口
接口请求地址：http://apis.juhe.cn/mobile/get
接口响应数据：{"resultcode":"101","reason":"错误的请求KEY","result":null,"error_code":10001}
接口调用后的数据验证
调用接口前的数据验证
根据接口编号【3】获取接口请求地址
根据接口编号【3】获取接口提交类型
替换变量
开始调用接口
接口请求地址：http://apis.juhe.cn/mobile/get
接口响应数据：{"resultcode":"200","reason":"Return Successd!","result":{"province":"广东","city":"广州","areacode":"020","zip":"510000","company":"移动","card":""},"error_code":0}
接口调用后的数据验证
调用接口前的数据验证
根据接口编号【3】获取接口请求地址
根据接口编号【3】获取接口提交类型
替换变量
开始调用接口
接口请求地址：http://apis.juhe.cn/mobile/get
接口响应数据：{"resultcode":"200","reason":"Return Successd!","result":{"province":"北京","city":"北京","areacode":"010","zip":"100000","company":"分享通信","card":""},"error_code":0}
接口调用后的数据验证
调用接口前的数据验证
根据接口编号【3】获取接口请求地址
根据接口编号【3】获取接口提交类型
替换变量
开始调用接口
接口请求地址：http://apis.juhe.cn/mobile/get
接口响应数据：{"resultcode":"200","reason":"Return Successd!","result":{"province":"广东","city":"广州","areacode":"020","zip":"510000","company":"移动","card":""},"error_code":0}
接口调用后的数据验证
调用接口前的数据验证
根据接口编号【2】获取接口请求地址
根据接口编号【2】获取接口提交类型
替换变量
变量名称：${toBeRegisterMobilephone}，变量值：18813998449
变量名称：${invalidMobilephone}，变量值：18812345
变量名称：${registeredMobilephone}，变量值：18813998449
变量名称：${notRegisterMobilephone}，变量值：18813998450
变量名称：${toBeRegisterPassword}，变量值：123456
变量名称：${invalidPassword}，变量值：18812345
变量名称：${wrongPassword}，变量值：123
变量名称：${correctKey}，变量值：0baac739352ce3fda2089d3f1882ec82
变量名称：${invalidKey}，变量值：123
变量名称：${correctWord}，变量值：千军万马
变量名称：${invalidWord}，变量值：456
变量名称：${toBeRegisterPhoneOfLocaiton}，变量值：18813998450
变量名称：${invalidPhoneOfLocaiton}，变量值：188asdb
变量名称：${registeredPhoneOfLocaiton}，变量值：17091017327
变量名称：${notRegisterPhoneOfLocaiton}，变量值：18813998451
变量名称：${correctKeyOfLocaiton}，变量值：0d9d53a961fda820ee0d8e6bb84c5600
变量名称：${invalidKeyOfLocaiton}，变量值：18812345
开始调用接口
接口请求地址：http://apis.juhe.cn/idioms/query
接口响应数据：{"resultcode":"101","reason":"错误的请求KEY","result":null,"error_code":10001}
接口调用后的数据验证
调用接口前的数据验证
根据接口编号【2】获取接口请求地址
根据接口编号【2】获取接口提交类型
替换变量
开始调用接口
接口请求地址：http://apis.juhe.cn/idioms/query
接口响应数据：{"reason":"成语不能为空","result":null,"error_code":2015701}
接口调用后的数据验证
调用接口前的数据验证
根据接口编号【2】获取接口请求地址
根据接口编号【2】获取接口提交类型
替换变量
开始调用接口
接口请求地址：http://apis.juhe.cn/idioms/query
接口响应数据：{"resultcode":"101","reason":"错误的请求KEY","result":null,"error_code":10001}
接口调用后的数据验证
调用接口前的数据验证
根据接口编号【2】获取接口请求地址
根据接口编号【2】获取接口提交类型
替换变量
开始调用接口
接口请求地址：http://apis.juhe.cn/idioms/query
接口响应数据：{"reason":"暂查询不到结果","result":null,"error_code":2015702}
接口调用后的数据验证
调用接口前的数据验证
根据接口编号【2】获取接口请求地址
根据接口编号【2】获取接口提交类型
替换变量
开始调用接口
接口请求地址：http://apis.juhe.cn/idioms/query
接口响应数据：{"resultcode":"101","reason":"错误的请求KEY","result":null,"error_code":10001}
接口调用后的数据验证
调用接口前的数据验证
根据接口编号【2】获取接口请求地址
根据接口编号【2】获取接口提交类型
替换变量
开始调用接口
接口请求地址：http://apis.juhe.cn/idioms/query
接口响应数据：{"reason":"success","result":{"name":"千军万马","pinyin":"qiān jūn wàn mǎ","jbsy":["形容雄壮的队伍或浩大的声势。"],"xxsy":["【解释】：形容雄壮的队伍或浩大的声势。","【出自】：《南史·陈庆之传》：“名军大将莫自牢，千兵万马避白袍。”","【示例】：各方面竟如～地围困拢来，实在说，我是有被这班箭手底乱箭所射死的可能性的。 <br>◎柔石《二月》二四","【语法】：联合式；作主语、宾语；含褒义"],"chuchu":"《梁书·陈庆之传》：“先是洛阳童谣曰：‘名师大将莫自牢；千兵万马避白袍。’”","liju":"1. 洪水来了。他带领～直冲上去抢险救灾。","jyc":["万马奔腾","波澜壮阔","千兵万马"],"fyc":["一兵一卒","一成一旅","单枪匹马"]},"error_code":0}
接口调用后的数据验证
调用接口前的数据验证
根据接口编号【3】获取接口请求地址
根据接口编号【3】获取接口提交类型
替换变量
开始调用接口
接口请求地址：http://apis.juhe.cn/mobile/get
接口响应数据：{"resultcode":"101","reason":"错误的请求KEY","result":null,"error_code":10001}
接口调用后的数据验证
调用接口前的数据验证
根据接口编号【3】获取接口请求地址
根据接口编号【3】获取接口提交类型
替换变量
开始调用接口
接口请求地址：http://apis.juhe.cn/mobile/get
接口响应数据：{"resultcode":"201","reason":"The phone number can not be empty!","result":null,"error_code":201101}
接口调用后的数据验证
调用接口前的数据验证
根据接口编号【3】获取接口请求地址
根据接口编号【3】获取接口提交类型
替换变量
开始调用接口
接口请求地址：http://apis.juhe.cn/mobile/get
接口响应数据：{"resultcode":"202","reason":"Wrong phone number!","result":null,"error_code":201102}
接口调用后的数据验证
调用接口前的数据验证
根据接口编号【3】获取接口请求地址
根据接口编号【3】获取接口提交类型
替换变量
开始调用接口
接口请求地址：http://apis.juhe.cn/mobile/get
接口响应数据：{"resultcode":"101","reason":"错误的请求KEY","result":null,"error_code":10001}
接口调用后的数据验证
调用接口前的数据验证
根据接口编号【3】获取接口请求地址
根据接口编号【3】获取接口提交类型
替换变量
开始调用接口
接口请求地址：http://apis.juhe.cn/mobile/get
接口响应数据：{"resultcode":"200","reason":"Return Successd!","result":{"province":"广东","city":"广州","areacode":"020","zip":"510000","company":"移动","card":""},"error_code":0}
接口调用后的数据验证
调用接口前的数据验证
根据接口编号【3】获取接口请求地址
根据接口编号【3】获取接口提交类型
替换变量
开始调用接口
接口请求地址：http://apis.juhe.cn/mobile/get
接口响应数据：{"resultcode":"200","reason":"Return Successd!","result":{"province":"北京","city":"北京","areacode":"010","zip":"100000","company":"分享通信","card":""},"error_code":0}
接口调用后的数据验证
调用接口前的数据验证
根据接口编号【3】获取接口请求地址
根据接口编号【3】获取接口提交类型
替换变量
开始调用接口
接口请求地址：http://apis.juhe.cn/mobile/get
接口响应数据：{"resultcode":"200","reason":"Return Successd!","result":{"province":"广东","city":"广州","areacode":"020","zip":"510000","company":"移动","card":""},"error_code":0}
接口调用后的数据验证
